Delta after 1 round(s): 14.733933720708716
Delta after 2 round(s): 0.04580463728054117
Delta after 3 round(s): 0.0035648453032086623
Results:
 > 49 items in cluster#0
  > Top 1 word: cubs
  > Top 2 word: suck
  > Top 3 word: man
  > Top 4 word: att
  > Top 5 word: det
  > Top 6 word: end
  > Top 7 word: till
  > Top 8 word: skulle
  > Top 9 word: inte
  > Top 10 word: hfe
 > 227 items in cluster#1
  > Top 1 word: file
  > Top 2 word: jpeg
  > Top 3 word: image
  > Top 4 word: entry
  > Top 5 word: gif
  > Top 6 word: files
  > Top 7 word: program
  > Top 8 word: format
  > Top 9 word: images
  > Top 10 word: output
 > 38 items in cluster#2
  > Top 1 word: wsh
  > Top 2 word: nyr
  > Top 3 word: chi
  > Top 4 word: bos
  > Top 5 word: det
  > Top 6 word: mtl
  > Top 7 word: nyi
  > Top 8 word: tor
  > Top 9 word: edm
  > Top 10 word: van
 > 6245 items in cluster#3
  > Top 1 word: government
  > Top 2 word: years
  > Top 3 word: going
  > Top 4 word: believe
  > Top 5 word: space
  > Top 6 word: things
  > Top 7 word: really
  > Top 8 word: point
  > Top 9 word: armenian
  > Top 10 word: world
 > 2077 items in cluster#4
  > Top 1 word: drive
  > Top 2 word: available
  > Top 3 word: software
  > Top 4 word: card
  > Top 5 word: thanks
  > Top 6 word: graphics
  > Top 7 word: version
  > Top 8 word: ftp
  > Top 9 word: windows
  > Top 10 word: disk
 > 27 items in cluster#5
  > Top 1 word: njd
  > Top 2 word: pgh
  > Top 3 word: pittsburgh
  > Top 4 word: devils
  > Top 5 word: beloved
  > Top 6 word: penalties
  > Top 7 word: swallows
  > Top 8 word: scoring
  > Top 9 word: hanshin
  > Top 10 word: yakult
 > 6686 items in cluster#6
  > Top 1 word: problem
  > Top 2 word: file
  > Top 3 word: windows
  > Top 4 word: using
  > Top 5 word: data
  > Top 6 word: information
  > Top 7 word: program
  > Top 8 word: number
  > Top 9 word: software
  > Top 10 word: really
 > 604 items in cluster#7
  > Top 1 word: window
  > Top 2 word: thanks
  > Top 3 word: server
  > Top 4 word: program
  > Top 5 word: period
  > Top 6 word: using
  > Top 7 word: mhz
  > Top 8 word: available
  > Top 9 word: files
  > Top 10 word: xfree
 > 32 items in cluster#8
  > Top 1 word: sleeve
  > Top 2 word: picture
  > Top 3 word: mainwinwin
  > Top 4 word: detailwinwin
  > Top 5 word: mydisplay
  > Top 6 word: promopicture
  > Top 7 word: capitol
  > Top 8 word: event
  > Top 9 word: ordonly
  > Top 10 word: rolling
 > 2286 items in cluster#9
  > Top 1 word: game
  > Top 2 word: team
  > Top 3 word: games
  > Top 4 word: year
  > Top 5 word: play
  > Top 6 word: jesus
  > Top 7 word: really
  > Top 8 word: players
  > Top 9 word: season
  > Top 10 word: hockey
