Delta after 1 round(s): 2.9563601089275613
Delta after 2 round(s): 0.004515803515383636
Results:
 > 3248 items in cluster#0
  > Top 1 word: windows
  > Top 2 word: file
  > Top 3 word: card
  > Top 4 word: thanks
  > Top 5 word: program
  > Top 6 word: disk
  > Top 7 word: using
  > Top 8 word: drive
  > Top 9 word: files
  > Top 10 word: problem
 > 15023 items in cluster#1
  > Top 1 word: believe
  > Top 2 word: really
  > Top 3 word: problem
  > Top 4 word: going
  > Top 5 word: information
  > Top 6 word: years
  > Top 7 word: point
  > Top 8 word: using
  > Top 9 word: things
  > Top 10 word: number
