Delta after 1 round(s): 29.42644999217021
Delta after 2 round(s): 0.12697454426864235
Delta after 3 round(s): 0.007888204775463318
Results:
 > 3311 items in cluster#0
  > Top 1 word: key
  > Top 2 word: government
  > Top 3 word: information
  > Top 4 word: encryption
  > Top 5 word: space
  > Top 6 word: data
  > Top 7 word: chip
  > Top 8 word: law
  > Top 9 word: number
  > Top 10 word: university
 > 2956 items in cluster#1
  > Top 1 word: file
  > Top 2 word: windows
  > Top 3 word: program
  > Top 4 word: files
  > Top 5 word: available
  > Top 6 word: using
  > Top 7 word: version
  > Top 8 word: information
  > Top 9 word: software
  > Top 10 word: window
 > 21 items in cluster#2
  > Top 1 word: turk
  > Top 2 word: rus
  > Top 3 word: ordularinin
  > Top 4 word: ermeni
  > Top 5 word: opi
  > Top 6 word: league
  > Top 7 word: ile
  > Top 8 word: kadar
  > Top 9 word: idi
  > Top 10 word: slg
 > 19 items in cluster#3
  > Top 1 word: opi
  > Top 2 word: league
  > Top 3 word: slg
  > Top 4 word: oba
  > Top 5 word: going
  > Top 6 word: baseballalways
  > Top 7 word: split
  > Top 8 word: end
  > Top 9 word: frenzy
  > Top 10 word: player
 > 21 items in cluster#4
  > Top 1 word: end
  > Top 2 word: maa
  > Top 3 word: try
  > Top 4 word: cut
  > Top 5 word: der
  > Top 6 word: ites
  > Top 7 word: maaaalgrg
  > Top 8 word: trondheim
  > Top 9 word: kvam
  > Top 10 word: frode
 > 11 items in cluster#5
  > Top 1 word: try
  > Top 2 word: azeri
  > Top 3 word: fascists
  > Top 4 word: germany
  > Top 5 word: invading
  > Top 6 word: signed
  > Top 7 word: holger
  > Top 8 word: sig
  > Top 9 word: herkesi
  > Top 10 word: toxin
 > 10 items in cluster#6
  > Top 1 word: forged
  > Top 2 word: trinomials
  > Top 3 word: scand
  > Top 4 word: math
  > Top 5 word: tverbergh
  > Top 6 word: irreducibility
  > Top 7 word: zbl
  > Top 8 word: date
  > Top 9 word: music
  > Top 10 word: postings
 > 27 items in cluster#7
  > Top 1 word: modmask
  > Top 2 word: numlock
  > Top 3 word: server
  > Top 4 word: rhinitis
  > Top 5 word: vasomotor
  > Top 6 word: mask
  > Top 7 word: flyers
  > Top 8 word: whitley
  > Top 9 word: swindon
  > Top 10 word: romford
 > 117 items in cluster#8
  > Top 1 word: homosexual
  > Top 2 word: boswell
  > Top 3 word: arsenokoitai
  > Top 4 word: male
  > Top 5 word: homosexuality
  > Top 6 word: battery
  > Top 7 word: term
  > Top 8 word: paul
  > Top 9 word: bike
  > Top 10 word: love
 > 47 items in cluster#9
  > Top 1 word: rochester
  > Top 2 word: utica
  > Top 3 word: baltimore
  > Top 4 word: providence
  > Top 5 word: adirondack
  > Top 6 word: springfield
  > Top 7 word: binghamton
  > Top 8 word: johns
  > Top 9 word: moncton
  > Top 10 word: breton
 > 12 items in cluster#10
  > Top 1 word: warsaw
  > Top 2 word: degelhatorah
  > Top 3 word: okay
  > Top 4 word: przedmiescie
  > Top 5 word: poland
  > Top 6 word: mohamed
  > Top 7 word: university
  > Top 8 word: krakowskie
  > Top 9 word: shavuot
  > Top 10 word: erev
 > 605 items in cluster#11
  > Top 1 word: drive
  > Top 2 word: scsi
  > Top 3 word: drives
  > Top 4 word: disk
  > Top 5 word: controller
  > Top 6 word: ide
  > Top 7 word: hard
  > Top 8 word: card
  > Top 9 word: data
  > Top 10 word: bios
 > 410 items in cluster#12
  > Top 1 word: wire
  > Top 2 word: wiring
  > Top 3 word: list
  > Top 4 word: copies
  > Top 5 word: price
  > Top 6 word: runs
  > Top 7 word: cable
  > Top 8 word: ground
  > Top 9 word: run
  > Top 10 word: subject
 > 6667 items in cluster#13
  > Top 1 word: going
  > Top 2 word: years
  > Top 3 word: year
  > Top 4 word: really
  > Top 5 word: game
  > Top 6 word: believe
  > Top 7 word: didnt
  > Top 8 word: point
  > Top 9 word: team
  > Top 10 word: things
 > 236 items in cluster#14
  > Top 1 word: keyboard
  > Top 2 word: key
  > Top 3 word: wsh
  > Top 4 word: soon
  > Top 5 word: gordon
  > Top 6 word: chi
  > Top 7 word: nyr
  > Top 8 word: banks
  > Top 9 word: njxp
  > Top 10 word: skepticism
 > 966 items in cluster#15
  > Top 1 word: jesus
  > Top 2 word: christ
  > Top 3 word: bible
  > Top 4 word: lord
  > Top 5 word: church
  > Top 6 word: faith
  > Top 7 word: believe
  > Top 8 word: sin
  > Top 9 word: gods
  > Top 10 word: christian
 > 16 items in cluster#16
  > Top 1 word: negation
  > Top 2 word: corrallary
  > Top 3 word: bhagwans
  > Top 4 word: polysyllabic
  > Top 5 word: sure
  > Top 6 word: dequate
  > Top 7 word: idjits
  > Top 8 word: diederich
  > Top 9 word: lurker
  > Top 10 word: dancing
 > 2092 items in cluster#17
  > Top 1 word: windows
  > Top 2 word: thanks
  > Top 3 word: dos
  > Top 4 word: software
  > Top 5 word: image
  > Top 6 word: data
  > Top 7 word: graphics
  > Top 8 word: card
  > Top 9 word: problem
  > Top 10 word: available
 > 12 items in cluster#18
  > Top 1 word: maharishi
  > Top 2 word: sort
  > Top 3 word: moooo
  > Top 4 word: question
  > Top 5 word: atheism
  > Top 6 word: retarded
  > Top 7 word: aswer
  > Top 8 word: riceburner
  > Top 9 word: theory
  > Top 10 word: royal
 > 715 items in cluster#19
  > Top 1 word: available
  > Top 2 word: space
  > Top 3 word: sale
  > Top 4 word: send
  > Top 5 word: shipping
  > Top 6 word: condition
  > Top 7 word: kuwait
  > Top 8 word: data
  > Top 9 word: old
  > Top 10 word: offer
