Delta after 1 round(s): 73.4673035701441
Delta after 2 round(s): 0.7434846471675756
Delta after 3 round(s): 0.01319144681611454
Delta after 4 round(s): 0.0008354724159837676
Results:
 > 3 items in cluster#0
  > Top 1 word: development
  > Top 2 word: pri
  > Top 3 word: kit
  > Top 4 word: software
  > Top 5 word: little
  > Top 6 word: kaj
  > Top 7 word: faus
  > Top 8 word: soft
  > Top 9 word: respondis
  > Top 10 word: finnlando
 > 10 items in cluster#1
  > Top 1 word: bos
  > Top 2 word: mon
  > Top 3 word: chi
  > Top 4 word: buf
  > Top 5 word: cal
  > Top 6 word: det
  > Top 7 word: win
  > Top 8 word: que
  > Top 9 word: tor
  > Top 10 word: pit
 > 8 items in cluster#2
  > Top 1 word: att
  > Top 2 word: man
  > Top 3 word: det
  > Top 4 word: hare
  > Top 5 word: skulle
  > Top 6 word: inte
  > Top 7 word: till
  > Top 8 word: beloved
  > Top 9 word: swallows
  > Top 10 word: division
 > 4 items in cluster#3
  > Top 1 word: vce
  > Top 2 word: vcb
  > Top 3 word: cob
  > Top 4 word: max
  > Top 5 word: ratings
  > Top 6 word: maximum
  > Top 7 word: vcbo
  > Top 8 word: vceo
  > Top 9 word: icbo
  > Top 10 word: hfe
 > 53 items in cluster#4
  > Top 1 word: file
  > Top 2 word: istanbul
  > Top 3 word: oname
  > Top 4 word: output
  > Top 5 word: program
  > Top 6 word: char
  > Top 7 word: university
  > Top 8 word: entry
  > Top 9 word: stream
  > Top 10 word: ankara
 > 2 items in cluster#5
  > Top 1 word: roland
  > Top 2 word: zippy
  > Top 3 word: spelling
  > Top 4 word: opps
  > Top 5 word: talk
  > Top 6 word: rivalry
  > Top 7 word: bout
  > Top 8 word: game
  > Top 9 word: areivalry
 > 10 items in cluster#6
  > Top 1 word: wsh
  > Top 2 word: nyr
  > Top 3 word: chi
  > Top 4 word: nyi
  > Top 5 word: bos
  > Top 6 word: det
  > Top 7 word: mtl
  > Top 8 word: edm
  > Top 9 word: tor
  > Top 10 word: min
 > 5 items in cluster#7
  > Top 1 word: inguiry
  > Top 2 word: predicate
  > Top 3 word: syllogism
  > Top 4 word: syllogisms
  > Top 5 word: designates
  > Top 6 word: unpoke
  > Top 7 word: poke
  > Top 8 word: appears
  > Top 9 word: invalid
  > Top 10 word: iss
 > 6 items in cluster#8
  > Top 1 word: compass
  > Top 2 word: int
  > Top 3 word: opcols
  > Top 4 word: oprows
  > Top 5 word: value
  > Top 6 word: compassop
  > Top 7 word: row
  > Top 8 word: inputimage
  > Top 9 word: rowcol
  > Top 10 word: oprowscol
 > 19 items in cluster#9
  > Top 1 word: trinomials
  > Top 2 word: bwtwo
  > Top 3 word: league
  > Top 4 word: opi
  > Top 5 word: color
  > Top 6 word: cgfour
  > Top 7 word: scand
  > Top 8 word: math
  > Top 9 word: price
  > Top 10 word: screen
 > 4 items in cluster#10
  > Top 1 word: banks
  > Top 2 word: chastity
  > Top 3 word: gordon
  > Top 4 word: njxp
  > Top 5 word: skepticism
  > Top 6 word: intellect
  > Top 7 word: soon
  > Top 8 word: shameful
  > Top 9 word: surrender
  > Top 10 word: weight
 > 12107 items in cluster#11
  > Top 1 word: believe
  > Top 2 word: years
  > Top 3 word: going
  > Top 4 word: really
  > Top 5 word: government
  > Top 6 word: point
  > Top 7 word: things
  > Top 8 word: year
  > Top 9 word: question
  > Top 10 word: thats
 > 4 items in cluster#12
  > Top 1 word: mlx
  > Top 2 word: zdnk
  > Top 3 word: mcfwgo
  > Top 4 word: csn
  > Top 5 word: duse
  > Top 6 word: magdymbvgbph
  > Top 7 word: hapwd
  > Top 8 word: nzijzobqen
  > Top 9 word: mkg
  > Top 10 word: ztdov
 > 141 items in cluster#13
  > Top 1 word: drive
  > Top 2 word: scsi
  > Top 3 word: controller
  > Top 4 word: ide
  > Top 5 word: card
  > Top 6 word: drives
  > Top 7 word: thanks
  > Top 8 word: define
  > Top 9 word: pin
  > Top 10 word: isa
 > 4 items in cluster#14
  > Top 1 word: thy
  > Top 2 word: suis
  > Top 3 word: est
  > Top 4 word: holy
  > Top 5 word: tui
  > Top 6 word: unto
  > Top 7 word: tibi
  > Top 8 word: hoc
  > Top 9 word: thee
  > Top 10 word: hostiam
 > 6 items in cluster#15
  > Top 1 word: audio
  > Top 2 word: sample
  > Top 3 word: return
  > Top 4 word: include
  > Top 5 word: bfalse
  > Top 6 word: exit
  > Top 7 word: fprintfstderr
  > Top 8 word: sizeof
  > Top 9 word: btrue
  > Top 10 word: handle
 > 3 items in cluster#16
  > Top 1 word: beav
  > Top 2 word: blam
  > Top 3 word: dunnow
  > Top 4 word: hbp
  > Top 5 word: shoot
  > Top 6 word: gun
  > Top 7 word: stats
  > Top 8 word: trouble
  > Top 9 word: hendersons
  > Top 10 word: dimmagios
 > 34 items in cluster#17
  > Top 1 word: njxp
  > Top 2 word: intellect
  > Top 3 word: shameful
  > Top 4 word: surrender
  > Top 5 word: gordon
  > Top 6 word: banks
  > Top 7 word: skepticism
  > Top 8 word: soon
  > Top 9 word: chastity
  > Top 10 word: vasomotor
 > 15 items in cluster#18
  > Top 1 word: liblibxso
  > Top 2 word: include
  > Top 3 word: error
  > Top 4 word: endif
  > Top 5 word: sysdir
  > Top 6 word: following
  > Top 7 word: mail
  > Top 8 word: smebsb
  > Top 9 word: mpegplay
  > Top 10 word: code
 > 4 items in cluster#19
  > Top 1 word: ites
  > Top 2 word: yeah
  > Top 3 word: celular
  > Top 4 word: mwswqpwwqssei
  > Top 5 word: cop
  > Top 6 word: phones
  > Top 7 word: end
  > Top 8 word: catch
 > 15 items in cluster#20
  > Top 1 word: lutindex
  > Top 2 word: lut
  > Top 3 word: int
  > Top 4 word: turk
  > Top 5 word: blue
  > Top 6 word: rus
  > Top 7 word: green
  > Top 8 word: kodak
  > Top 9 word: red
  > Top 10 word: singer
 > 118 items in cluster#21
  > Top 1 word: water
  > Top 2 word: april
  > Top 3 word: echo
  > Top 4 word: file
  > Top 5 word: set
  > Top 6 word: dept
  > Top 7 word: remote
  > Top 8 word: doug
  > Top 9 word: symbol
  > Top 10 word: usa
 > 15 items in cluster#22
  > Top 1 word: rochester
  > Top 2 word: utica
  > Top 3 word: baltimore
  > Top 4 word: binghamton
  > Top 5 word: providence
  > Top 6 word: springfield
  > Top 7 word: adirondack
  > Top 8 word: moncton
  > Top 9 word: johns
  > Top 10 word: breton
 > 7 items in cluster#23
  > Top 1 word: league
  > Top 2 word: opi
  > Top 3 word: oba
  > Top 4 word: slg
  > Top 5 word: player
  > Top 6 word: cbr
  > Top 7 word: bospena
  > Top 8 word: balhoiles
  > Top 9 word: nyyankees
  > Top 10 word: balmercedes
 > 4 items in cluster#24
  > Top 1 word: ork
  > Top 2 word: flibble
  > Top 3 word: maxima
  > Top 4 word: groink
  > Top 5 word: glop
  > Top 6 word: filter
  > Top 7 word: qazi
  > Top 8 word: isnt
  > Top 9 word: hard
  > Top 10 word: sent
 > 5 items in cluster#25
  > Top 1 word: acetone
  > Top 2 word: mek
  > Top 3 word: try
  > Top 4 word: little
  > Top 5 word: buy
  > Top 6 word: trondheim
  > Top 7 word: kvam
  > Top 8 word: frode
  > Top 9 word: methyl
  > Top 10 word: bond
 > 11 items in cluster#26
  > Top 1 word: file
  > Top 2 word: uvesazip
  > Top 3 word: location
  > Top 4 word: mar
  > Top 5 word: host
  > Top 6 word: files
  > Top 7 word: filename
  > Top 8 word: dir
  > Top 9 word: angeben
  > Top 10 word: input
 > 3 items in cluster#27
  > Top 1 word: maharishi
  > Top 2 word: okay
  > Top 3 word: different
  > Top 4 word: believe
  > Top 5 word: wrong
  > Top 6 word: maharishis
  > Top 7 word: rajneesh
  > Top 8 word: titular
  > Top 9 word: person
  > Top 10 word: sheeesh
 > 27 items in cluster#28
  > Top 1 word: john
  > Top 2 word: david
  > Top 3 word: vinge
  > Top 4 word: paul
  > Top 5 word: james
  > Top 6 word: gsxr
  > Top 7 word: michael
  > Top 8 word: thomas
  > Top 9 word: richard
  > Top 10 word: books
 > 2 items in cluster#29
  > Top 1 word: oops
  > Top 2 word: filetga
  > Top 3 word: ppmtotga
  > Top 4 word: filedis
  > Top 5 word: qrttoppm
  > Top 6 word: thats
  > Top 7 word: frisco
  > Top 8 word: knbr
  > Top 9 word: knx
 > 9 items in cluster#30
  > Top 1 word: bryns
  > Top 2 word: lule
  > Top 3 word: som
  > Top 4 word: hade
  > Top 5 word: bengtson
  > Top 6 word: vinnare
  > Top 7 word: lars
  > Top 8 word: till
  > Top 9 word: den
  > Top 10 word: vilka
 > 4 items in cluster#31
  > Top 1 word: den
  > Top 2 word: double
  > Top 3 word: radius
  > Top 4 word: pxpxpypypzpz
  > Top 5 word: sqrtden
  > Top 6 word: theta
  > Top 7 word: pole
  > Top 8 word: thetapi
  > Top 9 word: struct
  > Top 10 word: rtheta
 > 2 items in cluster#32
  > Top 1 word: ndetloopc
  > Top 2 word: error
  > Top 3 word: parse
  > Top 4 word: function
  > Top 5 word: undeclared
  > Top 6 word: warning
  > Top 7 word: storage
  > Top 8 word: type
  > Top 9 word: definition
  > Top 10 word: newmask
 > 6 items in cluster#33
  > Top 1 word: ppd
  > Top 2 word: following
  > Top 3 word: ffa
  > Top 4 word: sale
  > Top 5 word: soul
  > Top 6 word: alr
  > Top 7 word: victor
  > Top 8 word: living
  > Top 9 word: discs
  > Top 10 word: server
 > 12 items in cluster#34
  > Top 1 word: pixgc
  > Top 2 word: subscrive
  > Top 3 word: retarded
  > Top 4 word: pixs
  > Top 5 word: bonn
  > Top 6 word: university
  > Top 7 word: trondheim
  > Top 8 word: kvam
  > Top 9 word: frode
  > Top 10 word: lademoens
 > 5401 items in cluster#35
  > Top 1 word: windows
  > Top 2 word: file
  > Top 3 word: software
  > Top 4 word: drive
  > Top 5 word: available
  > Top 6 word: image
  > Top 7 word: using
  > Top 8 word: thanks
  > Top 9 word: data
  > Top 10 word: program
 > 3 items in cluster#36
  > Top 1 word: probably
  > Top 2 word: tranquilizer
  > Top 3 word: quiche
  > Top 4 word: similar
  > Top 5 word: disappering
  > Top 6 word: ornaments
  > Top 7 word: red
  > Top 8 word: beamers
  > Top 9 word: yuppies
  > Top 10 word: started
 > 4 items in cluster#37
  > Top 1 word: ihr
  > Top 2 word: die
  > Top 3 word: wollt
  > Top 4 word: maa
  > Top 5 word: und
  > Top 6 word: sie
  > Top 7 word: mit
  > Top 8 word: vor
  > Top 9 word: ich
  > Top 10 word: ein
 > 0 items in cluster#38
 > 1 items in cluster#39
  > Top 1 word: klarmann
  > Top 2 word: post
  > Top 3 word: email
  > Top 4 word: sites
  > Top 5 word: muenchen
  > Top 6 word: ottomenu
  > Top 7 word: andreas
  > Top 8 word: wustlsimtel
  > Top 9 word: cica
  > Top 10 word: gloege
 > 2 items in cluster#40
  > Top 1 word: include
  > Top 2 word: fee
  > Top 3 word: urn
  > Top 4 word: uckers
  > Top 5 word: raquetball
  > Top 6 word: espree
  > Top 7 word: annual
 > 14 items in cluster#41
  > Top 1 word: usa
  > Top 2 word: rus
  > Top 3 word: min
  > Top 4 word: canada
  > Top 5 word: penalties
  > Top 6 word: rob
  > Top 7 word: fin
  > Top 8 word: eric
  > Top 9 word: ussr
  > Top 10 word: attendance
 > 57 items in cluster#42
  > Top 1 word: university
  > Top 2 word: professor
  > Top 3 word: history
  > Top 4 word: average
  > Top 5 word: extra
  > Top 6 word: hits
  > Top 7 word: dcon
  > Top 8 word: players
  > Top 9 word: stolen
  > Top 10 word: league
 > 38 items in cluster#43
  > Top 1 word: cubs
  > Top 2 word: van
  > Top 3 word: suck
  > Top 4 word: het
  > Top 5 word: een
  > Top 6 word: njd
  > Top 7 word: era
  > Top 8 word: saves
  > Top 9 word: mattingly
  > Top 10 word: don
 > 4 items in cluster#44
  > Top 1 word: woof
  > Top 2 word: chevyd
  > Top 3 word: screw
  > Top 4 word: gimme
  > Top 5 word: mufflers
  > Top 6 word: quite
  > Top 7 word: seen
  > Top 8 word: idea
  > Top 9 word: idjits
  > Top 10 word: sure
 > 11 items in cluster#45
  > Top 1 word: heil
  > Top 2 word: end
  > Top 3 word: cut
  > Top 4 word: bhagwans
  > Top 5 word: msnqjzlcq
  > Top 6 word: meueawst
  > Top 7 word: roylkrona
  > Top 8 word: rdrs
  > Top 9 word: ymqqfkaihsjo
  > Top 10 word: mmnmegyth
 > 41 items in cluster#46
  > Top 1 word: appears
  > Top 2 word: art
  > Top 3 word: wolverine
  > Top 4 word: hulk
  > Top 5 word: comics
  > Top 6 word: copies
  > Top 7 word: annual
  > Top 8 word: cover
  > Top 9 word: liefeld
  > Top 10 word: sabretooth
 > 2 items in cluster#47
  > Top 1 word: max
  > Top 2 word: hfe
  > Top 3 word: vce
  > Top 4 word: vbrcbo
  > Top 5 word: material
  > Top 6 word: device
  > Top 7 word: package
  > Top 8 word: ghz
  > Top 9 word: polarity
  > Top 10 word: min
 > 2 items in cluster#48
  > Top 1 word: muzzah
  > Top 2 word: der
  > Top 3 word: hello
  > Top 4 word: vit
  > Top 5 word: velllets
  > Top 6 word: seevas
  > Top 7 word: room
  > Top 8 word: vas
  > Top 9 word: leefing
  > Top 10 word: fazah
 > 9 items in cluster#49
  > Top 1 word: mov
  > Top 2 word: byte
  > Top 3 word: bits
  > Top 4 word: blbh
  > Top 5 word: bhb
  > Top 6 word: push
  > Top 7 word: pop
  > Top 8 word: ptr
  > Top 9 word: offset
  > Top 10 word: loop
